<?xml version="1.0" encoding="UTF-8"?>
<testsuite name="com.example.ios_back.service.Impl.ScheduleServiceImplTest" tests="1" skipped="0" failures="0" errors="0" timestamp="2022-04-11T05:36:30" hostname="baeg-eunhuiui-MacBookPro.local" time="0.564">
  <properties/>
  <testcase name="년도와 월을 주면 그에 해당하는 객체리스트 반환" classname="com.example.ios_back.service.Impl.ScheduleServiceImplTest" time="0.564"/>
  <system-out><![CDATA[14:36:21.257 [Test worker] DEBUG org.springframework.test.context.BootstrapUtils - Instantiating CacheAwareContextLoaderDelegate from class [org.springframework.test.context.cache.DefaultCacheAwareContextLoaderDelegate]
14:36:21.267 [Test worker] DEBUG org.springframework.test.context.BootstrapUtils - Instantiating BootstrapContext using constructor [public org.springframework.test.context.support.DefaultBootstrapContext(java.lang.Class,org.springframework.test.context.CacheAwareContextLoaderDelegate)]
14:36:21.372 [Test worker] DEBUG org.springframework.test.context.BootstrapUtils - Instantiating TestContextBootstrapper for test class [com.example.ios_back.service.Impl.ScheduleServiceImplTest] from class [org.springframework.boot.test.context.SpringBootTestContextBootstrapper]
14:36:21.386 [Test worker] INFO org.springframework.boot.test.context.SpringBootTestContextBootstrapper - Neither @ContextConfiguration nor @ContextHierarchy found for test class [com.example.ios_back.service.Impl.ScheduleServiceImplTest], using SpringBootContextLoader
14:36:21.391 [Test worker] DEBUG org.springframework.test.context.support.AbstractContextLoader - Did not detect default resource location for test class [com.example.ios_back.service.Impl.ScheduleServiceImplTest]: class path resource [com/example/ios_back/service/Impl/ScheduleServiceImplTest-context.xml] does not exist
14:36:21.392 [Test worker] DEBUG org.springframework.test.context.support.AbstractContextLoader - Did not detect default resource location for test class [com.example.ios_back.service.Impl.ScheduleServiceImplTest]: class path resource [com/example/ios_back/service/Impl/ScheduleServiceImplTestContext.groovy] does not exist
14:36:21.393 [Test worker] INFO org.springframework.test.context.support.AbstractContextLoader - Could not detect default resource locations for test class [com.example.ios_back.service.Impl.ScheduleServiceImplTest]: no resource found for suffixes {-context.xml, Context.groovy}.
14:36:21.394 [Test worker] INFO org.springframework.test.context.support.AnnotationConfigContextLoaderUtils - Could not detect default configuration classes for test class [com.example.ios_back.service.Impl.ScheduleServiceImplTest]: ScheduleServiceImplTest does not declare any static, non-private, non-final, nested classes annotated with @Configuration.
14:36:21.467 [Test worker] DEBUG org.springframework.test.context.support.ActiveProfilesUtils - Could not find an 'annotation declaring class' for annotation type [org.springframework.test.context.ActiveProfiles] and class [com.example.ios_back.service.Impl.ScheduleServiceImplTest]
14:36:21.563 [Test worker] DEBUG org.springframework.context.annotation.ClassPathScanningCandidateComponentProvider - Identified candidate component class: file [/Users/baek-eunhee/eunhee/study/project/travis_test/ios_back/build/classes/java/main/com/example/ios_back/IosBackApplication.class]
14:36:21.567 [Test worker] INFO org.springframework.boot.test.context.SpringBootTestContextBootstrapper - Found @SpringBootConfiguration com.example.ios_back.IosBackApplication for test class com.example.ios_back.service.Impl.ScheduleServiceImplTest
14:36:21.677 [Test worker] DEBUG org.springframework.boot.test.context.SpringBootTestContextBootstrapper - @TestExecutionListeners is not present for class [com.example.ios_back.service.Impl.ScheduleServiceImplTest]: using defaults.
14:36:21.677 [Test worker] INFO org.springframework.boot.test.context.SpringBootTestContextBootstrapper - Loaded default TestExecutionListener class names from location [META-INF/spring.factories]: [org.springframework.boot.test.autoconfigure.restdocs.RestDocsTestExecutionListener, org.springframework.boot.test.autoconfigure.web.client.MockRestServiceServerResetTestExecutionListener, org.springframework.boot.test.autoconfigure.web.servlet.MockMvcPrintOnlyOnFailureTestExecutionListener, org.springframework.boot.test.autoconfigure.web.servlet.WebDriverTestExecutionListener, org.springframework.boot.test.autoconfigure.webservices.client.MockWebServiceServerTestExecutionListener, org.springframework.boot.test.mock.mockito.MockitoTestExecutionListener, org.springframework.boot.test.mock.mockito.ResetMocksTestExecutionListener, org.springframework.test.context.web.ServletTestExecutionListener, org.springframework.test.context.support.DirtiesContextBeforeModesTestExecutionListener, org.springframework.test.context.event.ApplicationEventsTestExecutionListener, org.springframework.test.context.support.DependencyInjectionTestExecutionListener, org.springframework.test.context.support.DirtiesContextTestExecutionListener, org.springframework.test.context.transaction.TransactionalTestExecutionListener, org.springframework.test.context.jdbc.SqlScriptsTestExecutionListener, org.springframework.test.context.event.EventPublishingTestExecutionListener]
14:36:21.691 [Test worker] INFO org.springframework.boot.test.context.SpringBootTestContextBootstrapper - Using TestExecutionListeners: [org.springframework.test.context.web.ServletTestExecutionListener@f5c79a6, org.springframework.test.context.support.DirtiesContextBeforeModesTestExecutionListener@669253b7, org.springframework.test.context.event.ApplicationEventsTestExecutionListener@5305c37d, org.springframework.boot.test.mock.mockito.MockitoTestExecutionListener@51a06cbe, org.springframework.boot.test.autoconfigure.SpringBootDependencyInjectionTestExecutionListener@3dddbe65, org.springframework.test.context.support.DirtiesContextTestExecutionListener@49a64d82, org.springframework.test.context.transaction.TransactionalTestExecutionListener@344561e0, org.springframework.test.context.jdbc.SqlScriptsTestExecutionListener@66d23e4a, org.springframework.test.context.event.EventPublishingTestExecutionListener@36ac8a63, org.springframework.boot.test.autoconfigure.restdocs.RestDocsTestExecutionListener@4d9d1b69, org.springframework.boot.test.autoconfigure.web.client.MockRestServiceServerResetTestExecutionListener@52c8295b, org.springframework.boot.test.autoconfigure.web.servlet.MockMvcPrintOnlyOnFailureTestExecutionListener@251f7d26, org.springframework.boot.test.autoconfigure.web.servlet.WebDriverTestExecutionListener@77b21474, org.springframework.boot.test.autoconfigure.webservices.client.MockWebServiceServerTestExecutionListener@52d10fb8, org.springframework.boot.test.mock.mockito.ResetMocksTestExecutionListener@41c07648]
14:36:21.695 [Test worker] DEBUG org.springframework.test.context.support.AbstractDirtiesContextTestExecutionListener - Before test class: context [DefaultTestContext@7cd1ac19 testClass = ScheduleServiceImplTest, testInstance = [null], testMethod = [null], testException = [null], mergedContextConfiguration = [WebMergedContextConfiguration@2f40a43 testClass = ScheduleServiceImplTest, locations = '{}', classes = '{class com.example.ios_back.IosBackApplication}', contextInitializerClasses = '[]', activeProfiles = '{}', propertySourceLocations = '{}', propertySourceProperties = '{org.springframework.boot.test.context.SpringBootTestContextBootstrapper=true}', contextCustomizers = set[org.springframework.boot.test.autoconfigure.actuate.metrics.MetricsExportContextCustomizerFactory$DisableMetricExportContextCustomizer@62452cc9, org.springframework.boot.test.autoconfigure.properties.PropertyMappingContextCustomizer@0, org.springframework.boot.test.autoconfigure.web.servlet.WebDriverContextCustomizerFactory$Customizer@2a8d39c4, org.springframework.boot.test.context.filter.ExcludeFilterContextCustomizer@7fc6de5b, org.springframework.boot.test.json.DuplicateJsonObjectContextCustomizerFactory$DuplicateJsonObjectContextCustomizer@60a2630a, org.springframework.boot.test.mock.mockito.MockitoContextCustomizer@0, org.springframework.boot.test.web.client.TestRestTemplateContextCustomizer@1698fc68, org.springframework.boot.test.context.SpringBootTestArgs@1, org.springframework.boot.test.context.SpringBootTestWebEnvironment@3e62d773], resourceBasePath = 'src/main/webapp', contextLoader = 'org.springframework.boot.test.context.SpringBootContextLoader', parent = [null]], attributes = map['org.springframework.test.context.web.ServletTestExecutionListener.activateListener' -> true]], class annotated with @DirtiesContext [false] with mode [null].
14:36:21.835 [Test worker] DEBUG org.springframework.boot.ApplicationServletEnvironment - Activating profiles []
14:36:21.839 [Test worker] DEBUG org.springframework.test.context.support.TestPropertySourceUtils - Adding inlined properties to environment: {spring.jmx.enabled=false, org.springframework.boot.test.context.SpringBootTestContextBootstrapper=true}

  .   ____          _            __ _ _
 /\\ / ___'_ __ _ _(_)_ __  __ _ \ \ \ \
( ( )\___ | '_ | '_| | '_ \/ _` | \ \ \ \
 \\/  ___)| |_)| | | | | || (_| |  ) ) ) )
  '  |____| .__|_| |_|_| |_\__, | / / / /
 =========|_|==============|___/=/_/_/_/
?[32m :: Spring Boot :: ?[39m              ?[2m (v2.6.1)?[0;39m

?[2m2022-04-11 14:36:22.380?[0;39m ?[32m INFO?[0;39m ?[35m15133?[0;39m ?[2m---?[0;39m ?[2m[    Test worker]?[0;39m ?[36mc.e.i.s.Impl.ScheduleServiceImplTest    ?[0;39m ?[2m:?[0;39m Starting ScheduleServiceImplTest using Java 11.0.14 on baeg-eunhuiui-MacBookPro.local with PID 15133 (started by beak-eunhee in /Users/baek-eunhee/eunhee/study/project/travis_test/ios_back)
?[2m2022-04-11 14:36:22.383?[0;39m ?[32m INFO?[0;39m ?[35m15133?[0;39m ?[2m---?[0;39m ?[2m[    Test worker]?[0;39m ?[36mc.e.i.s.Impl.ScheduleServiceImplTest    ?[0;39m ?[2m:?[0;39m No active profile set, falling back to default profiles: default
?[2m2022-04-11 14:36:24.092?[0;39m ?[32m INFO?[0;39m ?[35m15133?[0;39m ?[2m---?[0;39m ?[2m[    Test worker]?[0;39m ?[36m.s.d.r.c.RepositoryConfigurationDelegate?[0;39m ?[2m:?[0;39m Bootstrapping Spring Data JPA repositories in DEFAULT mode.
?[2m2022-04-11 14:36:24.187?[0;39m ?[32m INFO?[0;39m ?[35m15133?[0;39m ?[2m---?[0;39m ?[2m[    Test worker]?[0;39m ?[36m.s.d.r.c.RepositoryConfigurationDelegate?[0;39m ?[2m:?[0;39m Finished Spring Data repository scanning in 86 ms. Found 4 JPA repository interfaces.
?[2m2022-04-11 14:36:25.257?[0;39m ?[32m INFO?[0;39m ?[35m15133?[0;39m ?[2m---?[0;39m ?[2m[    Test worker]?[0;39m ?[36mo.hibernate.jpa.internal.util.LogHelper ?[0;39m ?[2m:?[0;39m HHH000204: Processing PersistenceUnitInfo [name: default]
?[2m2022-04-11 14:36:25.306?[0;39m ?[32m INFO?[0;39m ?[35m15133?[0;39m ?[2m---?[0;39m ?[2m[    Test worker]?[0;39m ?[36morg.hibernate.Version                   ?[0;39m ?[2m:?[0;39m HHH000412: Hibernate ORM core version 5.6.1.Final
?[2m2022-04-11 14:36:25.489?[0;39m ?[32m INFO?[0;39m ?[35m15133?[0;39m ?[2m---?[0;39m ?[2m[    Test worker]?[0;39m ?[36mo.hibernate.annotations.common.Version  ?[0;39m ?[2m:?[0;39m HCANN000001: Hibernate Commons Annotations {5.1.2.Final}
?[2m2022-04-11 14:36:25.603?[0;39m ?[32m INFO?[0;39m ?[35m15133?[0;39m ?[2m---?[0;39m ?[2m[    Test worker]?[0;39m ?[36mcom.zaxxer.hikari.HikariDataSource      ?[0;39m ?[2m:?[0;39m HikariPool-1 - Starting...
?[2m2022-04-11 14:36:25.746?[0;39m ?[32m INFO?[0;39m ?[35m15133?[0;39m ?[2m---?[0;39m ?[2m[    Test worker]?[0;39m ?[36mcom.zaxxer.hikari.HikariDataSource      ?[0;39m ?[2m:?[0;39m HikariPool-1 - Start completed.
?[2m2022-04-11 14:36:25.761?[0;39m ?[32m INFO?[0;39m ?[35m15133?[0;39m ?[2m---?[0;39m ?[2m[    Test worker]?[0;39m ?[36morg.hibernate.dialect.Dialect           ?[0;39m ?[2m:?[0;39m HHH000400: Using dialect: org.hibernate.dialect.MySQL5InnoDBDialect
?[2m2022-04-11 14:36:26.441?[0;39m ?[32m INFO?[0;39m ?[35m15133?[0;39m ?[2m---?[0;39m ?[2m[    Test worker]?[0;39m ?[36mo.h.e.t.j.p.i.JtaPlatformInitiator      ?[0;39m ?[2m:?[0;39m HHH000490: Using JtaPlatform implementation: [org.hibernate.engine.transaction.jta.platform.internal.NoJtaPlatform]
?[2m2022-04-11 14:36:26.449?[0;39m ?[32m INFO?[0;39m ?[35m15133?[0;39m ?[2m---?[0;39m ?[2m[    Test worker]?[0;39m ?[36mj.LocalContainerEntityManagerFactoryBean?[0;39m ?[2m:?[0;39m Initialized JPA EntityManagerFactory for persistence unit 'default'
?[2m2022-04-11 14:36:28.104?[0;39m ?[33m WARN?[0;39m ?[35m15133?[0;39m ?[2m---?[0;39m ?[2m[    Test worker]?[0;39m ?[36mJpaBaseConfiguration$JpaWebConfiguration?[0;39m ?[2m:?[0;39m spring.jpa.open-in-view is enabled by default. Therefore, database queries may be performed during view rendering. Explicitly configure spring.jpa.open-in-view to disable this warning
?[2m2022-04-11 14:36:28.600?[0;39m ?[32m INFO?[0;39m ?[35m15133?[0;39m ?[2m---?[0;39m ?[2m[    Test worker]?[0;39m ?[36mpertySourcedRequestMappingHandlerMapping?[0;39m ?[2m:?[0;39m Mapped URL path [/v2/api-docs] onto method [springfox.documentation.swagger2.web.Swagger2Controller#getDocumentation(String, HttpServletRequest)]
?[2m2022-04-11 14:36:29.389?[0;39m ?[33m WARN?[0;39m ?[35m15133?[0;39m ?[2m---?[0;39m ?[2m[    Test worker]?[0;39m ?[36mion$DefaultTemplateResolverConfiguration?[0;39m ?[2m:?[0;39m Cannot find template location: classpath:/templates/ (please add some templates or check your Thymeleaf configuration)
?[2m2022-04-11 14:36:29.667?[0;39m ?[32m INFO?[0;39m ?[35m15133?[0;39m ?[2m---?[0;39m ?[2m[    Test worker]?[0;39m ?[36md.s.w.p.DocumentationPluginsBootstrapper?[0;39m ?[2m:?[0;39m Context refreshed
?[2m2022-04-11 14:36:29.686?[0;39m ?[32m INFO?[0;39m ?[35m15133?[0;39m ?[2m---?[0;39m ?[2m[    Test worker]?[0;39m ?[36md.s.w.p.DocumentationPluginsBootstrapper?[0;39m ?[2m:?[0;39m Found 1 custom documentation plugin(s)
?[2m2022-04-11 14:36:29.716?[0;39m ?[32m INFO?[0;39m ?[35m15133?[0;39m ?[2m---?[0;39m ?[2m[    Test worker]?[0;39m ?[36ms.d.s.w.s.ApiListingReferenceScanner    ?[0;39m ?[2m:?[0;39m Scanning for api listing references
?[2m2022-04-11 14:36:30.079?[0;39m ?[32m INFO?[0;39m ?[35m15133?[0;39m ?[2m---?[0;39m ?[2m[    Test worker]?[0;39m ?[36mc.e.i.s.Impl.ScheduleServiceImplTest    ?[0;39m ?[2m:?[0;39m Started ScheduleServiceImplTest in 8.235 seconds (JVM running for 10.033)
?[2m2022-04-11 14:36:30.192?[0;39m ?[32m INFO?[0;39m ?[35m15133?[0;39m ?[2m---?[0;39m ?[2m[    Test worker]?[0;39m ?[36mo.s.t.c.transaction.TransactionContext  ?[0;39m ?[2m:?[0;39m Began transaction (1) for test context [DefaultTestContext@7cd1ac19 testClass = ScheduleServiceImplTest, testInstance = com.example.ios_back.service.Impl.ScheduleServiceImplTest@4ab959e8, testMethod = findAllScheduleByMonthTest@ScheduleServiceImplTest, testException = [null], mergedContextConfiguration = [WebMergedContextConfiguration@2f40a43 testClass = ScheduleServiceImplTest, locations = '{}', classes = '{class com.example.ios_back.IosBackApplication}', contextInitializerClasses = '[]', activeProfiles = '{}', propertySourceLocations = '{}', propertySourceProperties = '{org.springframework.boot.test.context.SpringBootTestContextBootstrapper=true}', contextCustomizers = set[org.springframework.boot.test.autoconfigure.actuate.metrics.MetricsExportContextCustomizerFactory$DisableMetricExportContextCustomizer@62452cc9, org.springframework.boot.test.autoconfigure.properties.PropertyMappingContextCustomizer@0, org.springframework.boot.test.autoconfigure.web.servlet.WebDriverContextCustomizerFactory$Customizer@2a8d39c4, org.springframework.boot.test.context.filter.ExcludeFilterContextCustomizer@7fc6de5b, org.springframework.boot.test.json.DuplicateJsonObjectContextCustomizerFactory$DuplicateJsonObjectContextCustomizer@60a2630a, org.springframework.boot.test.mock.mockito.MockitoContextCustomizer@0, org.springframework.boot.test.web.client.TestRestTemplateContextCustomizer@1698fc68, org.springframework.boot.test.context.SpringBootTestArgs@1, org.springframework.boot.test.context.SpringBootTestWebEnvironment@3e62d773], resourceBasePath = 'src/main/webapp', contextLoader = 'org.springframework.boot.test.context.SpringBootContextLoader', parent = [null]], attributes = map['org.springframework.test.context.web.ServletTestExecutionListener.activateListener' -> true, 'org.springframework.test.context.web.ServletTestExecutionListener.populatedRequestContextHolder' -> true, 'org.springframework.test.context.web.ServletTestExecutionListener.resetRequestContextHolder' -> true, 'org.springframework.test.context.event.ApplicationEventsTestExecutionListener.recordApplicationEvents' -> false]]; transaction manager [org.springframework.orm.jpa.JpaTransactionManager@1e834a5b]; rollback [true]
?[2m2022-04-11 14:36:30.442?[0;39m ?[32mDEBUG?[0;39m ?[35m15133?[0;39m ?[2m---?[0;39m ?[2m[    Test worker]?[0;39m ?[36morg.hibernate.SQL                       ?[0;39m ?[2m:?[0;39m 
    select
        next_val as id_val 
    from
        hibernate_sequence for update
            
?[2m2022-04-11 14:36:30.466?[0;39m ?[32mDEBUG?[0;39m ?[35m15133?[0;39m ?[2m---?[0;39m ?[2m[    Test worker]?[0;39m ?[36morg.hibernate.SQL                       ?[0;39m ?[2m:?[0;39m 
    update
        hibernate_sequence 
    set
        next_val= ? 
    where
        next_val=?
?[2m2022-04-11 14:36:30.519?[0;39m ?[32mDEBUG?[0;39m ?[35m15133?[0;39m ?[2m---?[0;39m ?[2m[    Test worker]?[0;39m ?[36morg.hibernate.SQL                       ?[0;39m ?[2m:?[0;39m 
    select
        next_val as id_val 
    from
        hibernate_sequence for update
            
?[2m2022-04-11 14:36:30.526?[0;39m ?[32mDEBUG?[0;39m ?[35m15133?[0;39m ?[2m---?[0;39m ?[2m[    Test worker]?[0;39m ?[36morg.hibernate.SQL                       ?[0;39m ?[2m:?[0;39m 
    update
        hibernate_sequence 
    set
        next_val= ? 
    where
        next_val=?
?[2m2022-04-11 14:36:30.553?[0;39m ?[32mDEBUG?[0;39m ?[35m15133?[0;39m ?[2m---?[0;39m ?[2m[    Test worker]?[0;39m ?[36morg.hibernate.SQL                       ?[0;39m ?[2m:?[0;39m 
    select
        next_val as id_val 
    from
        hibernate_sequence for update
            
?[2m2022-04-11 14:36:30.561?[0;39m ?[32mDEBUG?[0;39m ?[35m15133?[0;39m ?[2m---?[0;39m ?[2m[    Test worker]?[0;39m ?[36morg.hibernate.SQL                       ?[0;39m ?[2m:?[0;39m 
    update
        hibernate_sequence 
    set
        next_val= ? 
    where
        next_val=?
?[2m2022-04-11 14:36:30.645?[0;39m ?[32mDEBUG?[0;39m ?[35m15133?[0;39m ?[2m---?[0;39m ?[2m[    Test worker]?[0;39m ?[36morg.hibernate.SQL                       ?[0;39m ?[2m:?[0;39m 
    insert 
    into
        schedule
        (date, schedule_id) 
    values
        (?, ?)
?[2m2022-04-11 14:36:30.657?[0;39m ?[32mDEBUG?[0;39m ?[35m15133?[0;39m ?[2m---?[0;39m ?[2m[    Test worker]?[0;39m ?[36morg.hibernate.SQL                       ?[0;39m ?[2m:?[0;39m 
    insert 
    into
        schedule
        (date, schedule_id) 
    values
        (?, ?)
?[2m2022-04-11 14:36:30.665?[0;39m ?[32mDEBUG?[0;39m ?[35m15133?[0;39m ?[2m---?[0;39m ?[2m[    Test worker]?[0;39m ?[36morg.hibernate.SQL                       ?[0;39m ?[2m:?[0;39m 
    insert 
    into
        schedule
        (date, schedule_id) 
    values
        (?, ?)
?[2m2022-04-11 14:36:30.683?[0;39m ?[32mDEBUG?[0;39m ?[35m15133?[0;39m ?[2m---?[0;39m ?[2m[    Test worker]?[0;39m ?[36morg.hibernate.SQL                       ?[0;39m ?[2m:?[0;39m 
    select
        * 
    from
        schedule 
    where
        date like ?
?[2m2022-04-11 14:36:30.724?[0;39m ?[32m INFO?[0;39m ?[35m15133?[0;39m ?[2m---?[0;39m ?[2m[    Test worker]?[0;39m ?[36mo.s.t.c.transaction.TransactionContext  ?[0;39m ?[2m:?[0;39m Rolled back transaction for test: [DefaultTestContext@7cd1ac19 testClass = ScheduleServiceImplTest, testInstance = com.example.ios_back.service.Impl.ScheduleServiceImplTest@4ab959e8, testMethod = findAllScheduleByMonthTest@ScheduleServiceImplTest, testException = [null], mergedContextConfiguration = [WebMergedContextConfiguration@2f40a43 testClass = ScheduleServiceImplTest, locations = '{}', classes = '{class com.example.ios_back.IosBackApplication}', contextInitializerClasses = '[]', activeProfiles = '{}', propertySourceLocations = '{}', propertySourceProperties = '{org.springframework.boot.test.context.SpringBootTestContextBootstrapper=true}', contextCustomizers = set[org.springframework.boot.test.autoconfigure.actuate.metrics.MetricsExportContextCustomizerFactory$DisableMetricExportContextCustomizer@62452cc9, org.springframework.boot.test.autoconfigure.properties.PropertyMappingContextCustomizer@0, org.springframework.boot.test.autoconfigure.web.servlet.WebDriverContextCustomizerFactory$Customizer@2a8d39c4, org.springframework.boot.test.context.filter.ExcludeFilterContextCustomizer@7fc6de5b, org.springframework.boot.test.json.DuplicateJsonObjectContextCustomizerFactory$DuplicateJsonObjectContextCustomizer@60a2630a, org.springframework.boot.test.mock.mockito.MockitoContextCustomizer@0, org.springframework.boot.test.web.client.TestRestTemplateContextCustomizer@1698fc68, org.springframework.boot.test.context.SpringBootTestArgs@1, org.springframework.boot.test.context.SpringBootTestWebEnvironment@3e62d773], resourceBasePath = 'src/main/webapp', contextLoader = 'org.springframework.boot.test.context.SpringBootContextLoader', parent = [null]], attributes = map['org.springframework.test.context.web.ServletTestExecutionListener.activateListener' -> true, 'org.springframework.test.context.web.ServletTestExecutionListener.populatedRequestContextHolder' -> true, 'org.springframework.test.context.web.ServletTestExecutionListener.resetRequestContextHolder' -> true, 'org.springframework.test.context.event.ApplicationEventsTestExecutionListener.recordApplicationEvents' -> false]]
]]></system-out>
  <system-err><![CDATA[]]></system-err>
</testsuite>
